Fold 0
{'activation': 'ReLU',
 'atom_messages': False,
 'batch_size': 50,
 'bias': False,
 'bias_ffn': True,
 'checkpoint_dir': None,
 'checkpoint_path': None,
 'checkpoint_paths': None,
 'config_path': 'recommended_config.json',
 'convergence_margin': 100000000.0,
 'crossval_index_dir': None,
 'crossval_index_file': None,
 'cuda': False,
 'data_path': 'UV-vis-Data_short.csv',
 'dataset_type': 'spectra',
 'depth': 3,
 'device': 'cpu',
 'dropout': 0.0,
 'ensemble_size': 10,
 'epochs': 20,
 'features_generator': None,
 'features_only': False,
 'features_path': None,
 'features_scaling': False,
 'ffn_hidden_size': 900,
 'ffn_num_layers': 3,
 'final_lr': 7e-05,
 'folds_file': None,
 'frzn_mpn_checkpoint': None,
 'gpu': None,
 'hidden_size': 900,
 'init_lr': 0.0001,
 'max_data_size': None,
 'max_lr': 7e-05,
 'metric': 'srmse',
 'minimize_score': True,
 'multiclass_num_classes': 3,
 'no_cache': False,
 'normalization_end': 180,
 'normalization_start': 180,
 'num_folds': 1,
 'num_lrs': 1,
 'output_activation': 'exp',
 'quiet': False,
 'save_dir': 'MODEL/fold_0',
 'save_smiles_splits': True,
 'seed': 0,
 'separate_test_features_path': None,
 'separate_test_path': None,
 'separate_val_features_path': None,
 'separate_val_path': None,
 'show_individual_scores': False,
 'sm_eps': 1e-08,
 'sm_thresh': 1e-08,
 'spectral_loss_function': 'sid',
 'spectral_mask_path': None,
 'split_sizes': [0.8, 0.1, 0.1],
 'split_type': 'random_with_repeated_smiles',
 'structures_path': None,
 'target_scaling': True,
 'test': False,
 'test_fold_index': None,
 'torch_seed': None,
 'undirected': False,
 'use_compound_names': False,
 'use_input_features': None,
 'val_fold_index': None,
 'warmup_epochs': 2.0}
Loading data
Number of tasks = 181
Splitting data with seed 0
Total size = 109 | train size = 87 | val size = 10 | test size = 12
Pre-normalizing training targets
Building model 0
MoleculeModel(
  (encoder): MPN(
    (encoder): MPNEncoder(
      (dropout_layer): Dropout(p=0.0, inplace=False)
      (act_func): ReLU()
      (W_i): Linear(in_features=159, out_features=900, bias=False)
      (W_h): Linear(in_features=900, out_features=900, bias=False)
      (W_o): Linear(in_features=1033, out_features=900, bias=True)
    )
  )
  (ffn): Sequential(
    (0): Dropout(p=0.0, inplace=False)
    (1): Linear(in_features=900, out_features=900, bias=True)
    (2): ReLU()
    (3): Dropout(p=0.0, inplace=False)
    (4): Linear(in_features=900, out_features=900, bias=True)
    (5): ReLU()
    (6): Dropout(p=0.0, inplace=False)
    (7): Linear(in_features=900, out_features=181, bias=True)
  )
)
Number of parameters = 3,668,581
Fold 0
{'activation': 'ReLU',
 'atom_messages': False,
 'batch_size': 50,
 'bias': False,
 'bias_ffn': True,
 'checkpoint_dir': None,
 'checkpoint_path': None,
 'checkpoint_paths': None,
 'config_path': 'recommended_config.json',
 'convergence_margin': 100000000.0,
 'crossval_index_dir': None,
 'crossval_index_file': None,
 'cuda': False,
 'data_path': 'UV-vis-Data_short.csv',
 'dataset_type': 'spectra',
 'depth': 3,
 'device': 'cpu',
 'dropout': 0.0,
 'ensemble_size': 1,
 'epochs': 250,
 'features_generator': None,
 'features_only': False,
 'features_path': None,
 'features_scaling': False,
 'ffn_hidden_size': 900,
 'ffn_num_layers': 3,
 'final_lr': 7e-05,
 'folds_file': None,
 'frzn_mpn_checkpoint': None,
 'gpu': None,
 'hidden_size': 900,
 'init_lr': 0.0001,
 'max_data_size': None,
 'max_lr': 7e-05,
 'metric': 'srmse',
 'minimize_score': True,
 'multiclass_num_classes': 3,
 'no_cache': False,
 'normalization_end': 180,
 'normalization_start': 180,
 'num_folds': 1,
 'num_lrs': 1,
 'output_activation': 'exp',
 'quiet': False,
 'save_dir': 'MODEL/fold_0',
 'save_smiles_splits': True,
 'seed': 0,
 'separate_test_features_path': None,
 'separate_test_path': None,
 'separate_val_features_path': None,
 'separate_val_path': None,
 'show_individual_scores': False,
 'sm_eps': 1e-08,
 'sm_thresh': 1e-08,
 'spectral_loss_function': 'sid',
 'spectral_mask_path': None,
 'split_sizes': [0.8, 0.1, 0.1],
 'split_type': 'random_with_repeated_smiles',
 'structures_path': None,
 'target_scaling': True,
 'test': False,
 'test_fold_index': None,
 'torch_seed': None,
 'undirected': False,
 'use_compound_names': False,
 'use_input_features': None,
 'val_fold_index': None,
 'warmup_epochs': 2.0}
Loading data
Number of tasks = 181
Splitting data with seed 0
Total size = 109 | train size = 87 | val size = 10 | test size = 12
Pre-normalizing training targets
Building model 0
MoleculeModel(
  (encoder): MPN(
    (encoder): MPNEncoder(
      (dropout_layer): Dropout(p=0.0, inplace=False)
      (act_func): ReLU()
      (W_i): Linear(in_features=159, out_features=900, bias=False)
      (W_h): Linear(in_features=900, out_features=900, bias=False)
      (W_o): Linear(in_features=1033, out_features=900, bias=True)
    )
  )
  (ffn): Sequential(
    (0): Dropout(p=0.0, inplace=False)
    (1): Linear(in_features=900, out_features=900, bias=True)
    (2): ReLU()
    (3): Dropout(p=0.0, inplace=False)
    (4): Linear(in_features=900, out_features=900, bias=True)
    (5): ReLU()
    (6): Dropout(p=0.0, inplace=False)
    (7): Linear(in_features=900, out_features=181, bias=True)
  )
)
Number of parameters = 3,668,581
Epoch 0

Loss = 2.6355e+00, PNorm = 65.0574, GNorm = 2.2919, lr_0 = 7.0000e-05
Validation srmse = 0.926383
Epoch 1

Loss = 2.1954e+00, PNorm = 65.0576, GNorm = 1.8404, lr_0 = 7.0000e-05
Validation srmse = 0.921491
Epoch 2

Loss = 2.7829e+00, PNorm = 65.0580, GNorm = 2.1029, lr_0 = 7.0000e-05
Validation srmse = 0.922684
Epoch 3

Loss = 2.5759e+00, PNorm = 65.0585, GNorm = 2.1222, lr_0 = 7.0000e-05
Validation srmse = 0.917807
Epoch 4

Loss = 2.2551e+00, PNorm = 65.0591, GNorm = 1.8644, lr_0 = 7.0000e-05
Validation srmse = 0.909240
Epoch 5

Loss = 2.2507e+00, PNorm = 65.0599, GNorm = 2.6058, lr_0 = 7.0000e-05
Validation srmse = 0.899365
Epoch 6

Loss = 2.3526e+00, PNorm = 65.0607, GNorm = 2.5252, lr_0 = 7.0000e-05
Validation srmse = 0.887625
Epoch 7

Loss = 2.2058e+00, PNorm = 65.0617, GNorm = 2.8306, lr_0 = 7.0000e-05
Validation srmse = 0.874166
Epoch 8

Loss = 2.0254e+00, PNorm = 65.0628, GNorm = 2.6570, lr_0 = 7.0000e-05
Validation srmse = 0.858335
Epoch 9

Loss = 1.6104e+00, PNorm = 65.0640, GNorm = 2.5838, lr_0 = 7.0000e-05
Validation srmse = 0.838437
Epoch 10

Loss = 1.8512e+00, PNorm = 65.0652, GNorm = 2.7719, lr_0 = 7.0000e-05
Validation srmse = 0.816912
Epoch 11

Loss = 1.7056e+00, PNorm = 65.0665, GNorm = 2.5845, lr_0 = 7.0000e-05
Validation srmse = 0.795336
Epoch 12

Loss = 1.3225e+00, PNorm = 65.0679, GNorm = 2.4301, lr_0 = 7.0000e-05
Validation srmse = 0.773861
Epoch 13

Loss = 1.2939e+00, PNorm = 65.0691, GNorm = 2.2711, lr_0 = 7.0000e-05
Validation srmse = 0.755356
Epoch 14

Loss = 1.2015e+00, PNorm = 65.0703, GNorm = 2.6262, lr_0 = 7.0000e-05
Validation srmse = 0.736424
Epoch 15

Loss = 1.3776e+00, PNorm = 65.0714, GNorm = 2.4008, lr_0 = 7.0000e-05
Validation srmse = 0.721497
Epoch 16

Loss = 1.3026e+00, PNorm = 65.0724, GNorm = 2.3738, lr_0 = 7.0000e-05
Validation srmse = 0.711934
Epoch 17

Loss = 1.2053e+00, PNorm = 65.0733, GNorm = 2.4146, lr_0 = 7.0000e-05
Validation srmse = 0.707249
Epoch 18

Loss = 1.1828e+00, PNorm = 65.0739, GNorm = 3.6828, lr_0 = 7.0000e-05
Validation srmse = 0.705291
Epoch 19

Loss = 1.2919e+00, PNorm = 65.0744, GNorm = 2.5154, lr_0 = 7.0000e-05
Validation srmse = 0.701799
Epoch 20

Loss = 9.4348e-01, PNorm = 65.0748, GNorm = 2.4297, lr_0 = 7.0000e-05
Validation srmse = 0.700917
Epoch 21

Loss = 9.5021e-01, PNorm = 65.0750, GNorm = 1.8832, lr_0 = 7.0000e-05
Validation srmse = 0.698805
Epoch 22

Loss = 1.0879e+00, PNorm = 65.0752, GNorm = 2.0941, lr_0 = 7.0000e-05
Validation srmse = 0.697275
Epoch 23

Loss = 1.1854e+00, PNorm = 65.0753, GNorm = 1.5979, lr_0 = 7.0000e-05
Validation srmse = 0.692597
Epoch 24

Loss = 1.1513e+00, PNorm = 65.0755, GNorm = 1.4811, lr_0 = 7.0000e-05
Validation srmse = 0.685281
Epoch 25

Loss = 1.1935e+00, PNorm = 65.0756, GNorm = 1.3973, lr_0 = 7.0000e-05
Validation srmse = 0.677026
Epoch 26

Loss = 1.1522e+00, PNorm = 65.0757, GNorm = 1.3307, lr_0 = 7.0000e-05
Validation srmse = 0.667828
Epoch 27

Loss = 9.3898e-01, PNorm = 65.0759, GNorm = 1.2053, lr_0 = 7.0000e-05
Validation srmse = 0.660697
Epoch 28

Loss = 1.1242e+00, PNorm = 65.0760, GNorm = 1.1781, lr_0 = 7.0000e-05
Validation srmse = 0.657299
Epoch 29

Loss = 1.0936e+00, PNorm = 65.0763, GNorm = 1.2096, lr_0 = 7.0000e-05
Validation srmse = 0.655809
Epoch 30

Loss = 1.0244e+00, PNorm = 65.0767, GNorm = 1.5628, lr_0 = 7.0000e-05
Validation srmse = 0.653409
Epoch 31

Loss = 1.0472e+00, PNorm = 65.0770, GNorm = 0.8556, lr_0 = 7.0000e-05
Validation srmse = 0.653004
Epoch 32

Loss = 9.1627e-01, PNorm = 65.0773, GNorm = 0.8930, lr_0 = 7.0000e-05
Validation srmse = 0.650573
Epoch 33

Loss = 9.8471e-01, PNorm = 65.0776, GNorm = 0.8062, lr_0 = 7.0000e-05
Validation srmse = 0.650088
Epoch 34

Loss = 1.0402e+00, PNorm = 65.0780, GNorm = 0.9776, lr_0 = 7.0000e-05
Validation srmse = 0.648525
Epoch 35

Loss = 9.2118e-01, PNorm = 65.0783, GNorm = 0.7314, lr_0 = 7.0000e-05
Validation srmse = 0.647429
Epoch 36

Loss = 1.0208e+00, PNorm = 65.0788, GNorm = 0.9889, lr_0 = 7.0000e-05
Validation srmse = 0.644416
Epoch 37

Loss = 9.0713e-01, PNorm = 65.0792, GNorm = 0.7893, lr_0 = 7.0000e-05
Validation srmse = 0.640543
Epoch 38

Loss = 1.1079e+00, PNorm = 65.0796, GNorm = 1.2461, lr_0 = 7.0000e-05
Validation srmse = 0.634966
Epoch 39

Loss = 1.0824e+00, PNorm = 65.0801, GNorm = 0.9677, lr_0 = 7.0000e-05
Validation srmse = 0.628990
Epoch 40

Loss = 1.0184e+00, PNorm = 65.0805, GNorm = 0.8167, lr_0 = 7.0000e-05
Validation srmse = 0.622854
Epoch 41

Loss = 1.0761e+00, PNorm = 65.0809, GNorm = 0.8898, lr_0 = 7.0000e-05
Validation srmse = 0.615452
Epoch 42

Loss = 1.0868e+00, PNorm = 65.0813, GNorm = 0.6687, lr_0 = 7.0000e-05
Validation srmse = 0.609620
Epoch 43

Loss = 9.4639e-01, PNorm = 65.0818, GNorm = 0.7263, lr_0 = 7.0000e-05
Validation srmse = 0.605451
Epoch 44

Loss = 8.9683e-01, PNorm = 65.0822, GNorm = 1.0329, lr_0 = 7.0000e-05
Validation srmse = 0.602512
Epoch 45

Loss = 9.6140e-01, PNorm = 65.0826, GNorm = 0.6982, lr_0 = 7.0000e-05
Validation srmse = 0.601768
Epoch 46

Loss = 1.1501e+00, PNorm = 65.0829, GNorm = 1.0281, lr_0 = 7.0000e-05
Validation srmse = 0.603257
Epoch 47

Loss = 1.1449e+00, PNorm = 65.0832, GNorm = 1.4349, lr_0 = 7.0000e-05
Validation srmse = 0.604943
Epoch 48

Loss = 1.0857e+00, PNorm = 65.0834, GNorm = 1.1678, lr_0 = 7.0000e-05
Validation srmse = 0.605799
Epoch 49

Loss = 1.0082e+00, PNorm = 65.0837, GNorm = 0.6365, lr_0 = 7.0000e-05
Validation srmse = 0.604987
Epoch 50

Loss = 1.0926e+00, PNorm = 65.0841, GNorm = 0.5463, lr_0 = 7.0000e-05
Validation srmse = 0.604821
Epoch 51

Loss = 1.0200e+00, PNorm = 65.0845, GNorm = 0.7269, lr_0 = 7.0000e-05
Validation srmse = 0.604037
Epoch 52

Loss = 7.7077e-01, PNorm = 65.0850, GNorm = 0.9851, lr_0 = 7.0000e-05
Validation srmse = 0.601613
Epoch 53

Loss = 9.0544e-01, PNorm = 65.0854, GNorm = 0.4392, lr_0 = 7.0000e-05
Validation srmse = 0.600015
Epoch 54

Loss = 8.0838e-01, PNorm = 65.0859, GNorm = 0.8923, lr_0 = 7.0000e-05
Validation srmse = 0.596271
Epoch 55

Loss = 1.0908e+00, PNorm = 65.0865, GNorm = 0.9301, lr_0 = 7.0000e-05
Validation srmse = 0.592689
Epoch 56

Loss = 1.0772e+00, PNorm = 65.0871, GNorm = 0.9573, lr_0 = 7.0000e-05
Validation srmse = 0.588744
Epoch 57

Loss = 8.3906e-01, PNorm = 65.0877, GNorm = 0.6957, lr_0 = 7.0000e-05
Validation srmse = 0.586246
Epoch 58

Loss = 1.0162e+00, PNorm = 65.0884, GNorm = 1.1207, lr_0 = 7.0000e-05
Validation srmse = 0.583303
Epoch 59

Loss = 8.2059e-01, PNorm = 65.0889, GNorm = 1.1734, lr_0 = 7.0000e-05
Validation srmse = 0.581103
Epoch 60

Loss = 8.4093e-01, PNorm = 65.0894, GNorm = 1.1422, lr_0 = 7.0000e-05
Validation srmse = 0.579543
Epoch 61

Loss = 1.0418e+00, PNorm = 65.0900, GNorm = 0.6077, lr_0 = 7.0000e-05
Validation srmse = 0.579181
Epoch 62

Loss = 9.9364e-01, PNorm = 65.0906, GNorm = 0.4471, lr_0 = 7.0000e-05
Validation srmse = 0.578083
Epoch 63

Loss = 1.0977e+00, PNorm = 65.0913, GNorm = 0.7032, lr_0 = 7.0000e-05
Validation srmse = 0.577283
Epoch 64

Loss = 9.2807e-01, PNorm = 65.0919, GNorm = 0.6407, lr_0 = 7.0000e-05
Validation srmse = 0.577677
Epoch 65

Loss = 9.0630e-01, PNorm = 65.0926, GNorm = 0.5577, lr_0 = 7.0000e-05
Validation srmse = 0.578545
Epoch 66

Loss = 8.7267e-01, PNorm = 65.0932, GNorm = 0.8711, lr_0 = 7.0000e-05
Validation srmse = 0.580787
Epoch 67

Loss = 8.9265e-01, PNorm = 65.0937, GNorm = 0.8397, lr_0 = 7.0000e-05
Validation srmse = 0.586116
Epoch 68

Loss = 7.9355e-01, PNorm = 65.0942, GNorm = 0.6971, lr_0 = 7.0000e-05
Validation srmse = 0.588661
Epoch 69

Loss = 9.4643e-01, PNorm = 65.0947, GNorm = 0.5906, lr_0 = 7.0000e-05
Validation srmse = 0.590968
Epoch 70

Loss = 8.2910e-01, PNorm = 65.0952, GNorm = 1.0040, lr_0 = 7.0000e-05
Validation srmse = 0.590847
Epoch 71

Loss = 8.3210e-01, PNorm = 65.0957, GNorm = 1.0499, lr_0 = 7.0000e-05
Validation srmse = 0.589058
Epoch 72

Loss = 7.7585e-01, PNorm = 65.0963, GNorm = 1.0208, lr_0 = 7.0000e-05
Validation srmse = 0.584551
Epoch 73

Loss = 8.3428e-01, PNorm = 65.0969, GNorm = 0.3795, lr_0 = 7.0000e-05
Validation srmse = 0.578408
Epoch 74

Loss = 8.3816e-01, PNorm = 65.0974, GNorm = 0.7973, lr_0 = 7.0000e-05
Validation srmse = 0.571880
Epoch 75

Loss = 9.2621e-01, PNorm = 65.0980, GNorm = 0.4948, lr_0 = 7.0000e-05
Validation srmse = 0.566710
Epoch 76

Loss = 9.7404e-01, PNorm = 65.0987, GNorm = 0.9072, lr_0 = 7.0000e-05
Validation srmse = 0.563306
Epoch 77

Loss = 8.6895e-01, PNorm = 65.0992, GNorm = 1.5758, lr_0 = 7.0000e-05
Validation srmse = 0.564711
Epoch 78

Loss = 8.0627e-01, PNorm = 65.0997, GNorm = 0.6225, lr_0 = 7.0000e-05
Validation srmse = 0.566625
Epoch 79

Loss = 8.9853e-01, PNorm = 65.1001, GNorm = 0.7950, lr_0 = 7.0000e-05
Validation srmse = 0.571238
Epoch 80

Loss = 8.5869e-01, PNorm = 65.1007, GNorm = 1.1979, lr_0 = 7.0000e-05
Validation srmse = 0.571363
Epoch 81

Loss = 9.8351e-01, PNorm = 65.1015, GNorm = 1.1406, lr_0 = 7.0000e-05
Validation srmse = 0.569092
Epoch 82

Loss = 1.0143e+00, PNorm = 65.1022, GNorm = 0.5107, lr_0 = 7.0000e-05
Validation srmse = 0.567381
Epoch 83

Loss = 7.3054e-01, PNorm = 65.1029, GNorm = 0.4652, lr_0 = 7.0000e-05
Validation srmse = 0.566392
Epoch 84

Loss = 8.4382e-01, PNorm = 65.1038, GNorm = 0.8396, lr_0 = 7.0000e-05
Validation srmse = 0.564011
Epoch 85

Loss = 9.1712e-01, PNorm = 65.1045, GNorm = 1.2864, lr_0 = 7.0000e-05
Validation srmse = 0.566460
Epoch 86

Loss = 9.7225e-01, PNorm = 65.1053, GNorm = 0.9613, lr_0 = 7.0000e-05
Validation srmse = 0.567070
Epoch 87

Loss = 9.4822e-01, PNorm = 65.1060, GNorm = 0.6184, lr_0 = 7.0000e-05
Validation srmse = 0.569461
Epoch 88

Loss = 8.4273e-01, PNorm = 65.1068, GNorm = 0.6491, lr_0 = 7.0000e-05
Validation srmse = 0.574571
Epoch 89

Loss = 8.5933e-01, PNorm = 65.1075, GNorm = 0.4661, lr_0 = 7.0000e-05
Validation srmse = 0.579010
Epoch 90

Loss = 8.8616e-01, PNorm = 65.1082, GNorm = 1.0470, lr_0 = 7.0000e-05
Validation srmse = 0.586439
Epoch 91

Loss = 9.3909e-01, PNorm = 65.1090, GNorm = 1.9962, lr_0 = 7.0000e-05
Validation srmse = 0.588407
Epoch 92

Loss = 9.4765e-01, PNorm = 65.1099, GNorm = 0.9423, lr_0 = 7.0000e-05
Validation srmse = 0.589114
Epoch 93

Loss = 7.7903e-01, PNorm = 65.1108, GNorm = 0.6364, lr_0 = 7.0000e-05
Validation srmse = 0.589217
Epoch 94

Loss = 8.9433e-01, PNorm = 65.1118, GNorm = 0.5166, lr_0 = 7.0000e-05
Validation srmse = 0.586817
Epoch 95

Loss = 8.5541e-01, PNorm = 65.1129, GNorm = 0.8343, lr_0 = 7.0000e-05
Validation srmse = 0.582336
Epoch 96

Loss = 8.1771e-01, PNorm = 65.1142, GNorm = 0.8288, lr_0 = 7.0000e-05
Validation srmse = 0.575856
Epoch 97

Loss = 9.3402e-01, PNorm = 65.1155, GNorm = 0.7881, lr_0 = 7.0000e-05
Validation srmse = 0.570070
Epoch 98

Loss = 9.5667e-01, PNorm = 65.1168, GNorm = 1.1136, lr_0 = 7.0000e-05
Validation srmse = 0.568101
Epoch 99

Loss = 9.0099e-01, PNorm = 65.1181, GNorm = 0.5865, lr_0 = 7.0000e-05
Validation srmse = 0.567125
Epoch 100

Loss = 7.2670e-01, PNorm = 65.1195, GNorm = 0.4722, lr_0 = 7.0000e-05
Validation srmse = 0.565093
Epoch 101

Loss = 9.0731e-01, PNorm = 65.1208, GNorm = 0.4301, lr_0 = 7.0000e-05
Validation srmse = 0.563182
Epoch 102

Loss = 8.6787e-01, PNorm = 65.1220, GNorm = 0.4243, lr_0 = 7.0000e-05
Validation srmse = 0.564798
Epoch 103

Loss = 8.7341e-01, PNorm = 65.1233, GNorm = 0.8798, lr_0 = 7.0000e-05
Validation srmse = 0.565498
Epoch 104

Loss = 8.0206e-01, PNorm = 65.1245, GNorm = 0.5619, lr_0 = 7.0000e-05
Validation srmse = 0.564245
Epoch 105

Loss = 8.4395e-01, PNorm = 65.1259, GNorm = 0.5387, lr_0 = 7.0000e-05
Validation srmse = 0.564418
Epoch 106

Loss = 9.7706e-01, PNorm = 65.1272, GNorm = 0.9979, lr_0 = 7.0000e-05
Validation srmse = 0.563152
Epoch 107

Loss = 8.8266e-01, PNorm = 65.1286, GNorm = 0.6533, lr_0 = 7.0000e-05
Validation srmse = 0.565429
Epoch 108

Loss = 8.5143e-01, PNorm = 65.1299, GNorm = 0.9232, lr_0 = 7.0000e-05
Validation srmse = 0.568436
Epoch 109

Loss = 8.1500e-01, PNorm = 65.1312, GNorm = 1.0666, lr_0 = 7.0000e-05
Validation srmse = 0.569707
Epoch 110

Loss = 8.0646e-01, PNorm = 65.1326, GNorm = 1.2857, lr_0 = 7.0000e-05
Validation srmse = 0.568104
Epoch 111

Loss = 7.3915e-01, PNorm = 65.1340, GNorm = 0.8349, lr_0 = 7.0000e-05
Validation srmse = 0.565098
Epoch 112

Loss = 8.3536e-01, PNorm = 65.1356, GNorm = 0.9078, lr_0 = 7.0000e-05
Validation srmse = 0.562129
Epoch 113

Loss = 8.7303e-01, PNorm = 65.1371, GNorm = 1.2179, lr_0 = 7.0000e-05
Validation srmse = 0.561131
Epoch 114

Loss = 8.2455e-01, PNorm = 65.1384, GNorm = 1.6109, lr_0 = 7.0000e-05
Validation srmse = 0.566483
Epoch 115

Loss = 9.5776e-01, PNorm = 65.1397, GNorm = 0.8872, lr_0 = 7.0000e-05
Validation srmse = 0.573556
Epoch 116

Loss = 8.8865e-01, PNorm = 65.1408, GNorm = 1.1806, lr_0 = 7.0000e-05
Validation srmse = 0.585029
Epoch 117

Loss = 7.0481e-01, PNorm = 65.1420, GNorm = 0.9298, lr_0 = 7.0000e-05
Validation srmse = 0.595628
Epoch 118

Loss = 8.0778e-01, PNorm = 65.1430, GNorm = 1.4490, lr_0 = 7.0000e-05
Validation srmse = 0.599502
Epoch 119

Loss = 7.9596e-01, PNorm = 65.1440, GNorm = 1.6636, lr_0 = 7.0000e-05
Validation srmse = 0.597015
Epoch 120

Loss = 8.5416e-01, PNorm = 65.1451, GNorm = 0.6699, lr_0 = 7.0000e-05
Validation srmse = 0.594537
Epoch 121

Loss = 7.8479e-01, PNorm = 65.1462, GNorm = 1.4145, lr_0 = 7.0000e-05
Validation srmse = 0.595847
Epoch 122

Loss = 7.5786e-01, PNorm = 65.1474, GNorm = 1.0396, lr_0 = 7.0000e-05
Validation srmse = 0.596086
Epoch 123

Loss = 8.1464e-01, PNorm = 65.1486, GNorm = 1.8477, lr_0 = 7.0000e-05
Validation srmse = 0.597655
Epoch 124

Loss = 7.1825e-01, PNorm = 65.1497, GNorm = 0.9998, lr_0 = 7.0000e-05
Validation srmse = 0.603509
Epoch 125

Loss = 7.9960e-01, PNorm = 65.1509, GNorm = 1.3216, lr_0 = 7.0000e-05
Validation srmse = 0.604744
Epoch 126

Loss = 8.3854e-01, PNorm = 65.1522, GNorm = 1.3973, lr_0 = 7.0000e-05
Validation srmse = 0.604400
Epoch 127

Loss = 8.7705e-01, PNorm = 65.1535, GNorm = 1.5489, lr_0 = 7.0000e-05
Validation srmse = 0.603572
Epoch 128

Loss = 8.5940e-01, PNorm = 65.1548, GNorm = 0.4618, lr_0 = 7.0000e-05
Validation srmse = 0.603656
Epoch 129

Loss = 7.9000e-01, PNorm = 65.1562, GNorm = 0.9585, lr_0 = 7.0000e-05
Validation srmse = 0.603910
Epoch 130

Loss = 8.1278e-01, PNorm = 65.1576, GNorm = 0.3714, lr_0 = 7.0000e-05
Validation srmse = 0.604884
Epoch 131

Loss = 7.8143e-01, PNorm = 65.1590, GNorm = 1.0046, lr_0 = 7.0000e-05
Validation srmse = 0.607846
Epoch 132

Loss = 7.8536e-01, PNorm = 65.1603, GNorm = 0.7853, lr_0 = 7.0000e-05
Validation srmse = 0.608781
Epoch 133

Loss = 7.9012e-01, PNorm = 65.1618, GNorm = 0.3791, lr_0 = 7.0000e-05
Validation srmse = 0.610246
Epoch 134

Loss = 8.4514e-01, PNorm = 65.1632, GNorm = 0.7902, lr_0 = 7.0000e-05
Validation srmse = 0.611471
Epoch 135

Loss = 8.2139e-01, PNorm = 65.1646, GNorm = 2.6884, lr_0 = 7.0000e-05
Validation srmse = 0.612998
Epoch 136

Loss = 7.9627e-01, PNorm = 65.1660, GNorm = 0.7644, lr_0 = 7.0000e-05
Validation srmse = 0.614555
Epoch 137

Loss = 7.2079e-01, PNorm = 65.1675, GNorm = 0.8842, lr_0 = 7.0000e-05
Validation srmse = 0.611689
Epoch 138

Loss = 7.9205e-01, PNorm = 65.1689, GNorm = 1.6859, lr_0 = 7.0000e-05
Validation srmse = 0.613853
Epoch 139

Loss = 8.9023e-01, PNorm = 65.1702, GNorm = 1.1804, lr_0 = 7.0000e-05
Validation srmse = 0.617217
Epoch 140

Loss = 8.4421e-01, PNorm = 65.1716, GNorm = 1.4432, lr_0 = 7.0000e-05
Validation srmse = 0.623403
Epoch 141

Loss = 7.1174e-01, PNorm = 65.1730, GNorm = 0.9039, lr_0 = 7.0000e-05
Validation srmse = 0.627125
Epoch 142

Loss = 8.0913e-01, PNorm = 65.1744, GNorm = 1.2163, lr_0 = 7.0000e-05
Validation srmse = 0.629536
Epoch 143

Loss = 6.6162e-01, PNorm = 65.1760, GNorm = 2.0616, lr_0 = 7.0000e-05
Validation srmse = 0.630207
Epoch 144

Loss = 7.6796e-01, PNorm = 65.1776, GNorm = 1.4133, lr_0 = 7.0000e-05
Validation srmse = 0.629166
Epoch 145

Loss = 7.8729e-01, PNorm = 65.1791, GNorm = 1.4390, lr_0 = 7.0000e-05
Validation srmse = 0.630577
Epoch 146

Loss = 7.6501e-01, PNorm = 65.1807, GNorm = 1.7127, lr_0 = 7.0000e-05
Validation srmse = 0.632831
Epoch 147

Loss = 7.5202e-01, PNorm = 65.1823, GNorm = 0.5082, lr_0 = 7.0000e-05
Validation srmse = 0.634918
Epoch 148

Loss = 7.7136e-01, PNorm = 65.1840, GNorm = 0.6255, lr_0 = 7.0000e-05
Validation srmse = 0.636374
Epoch 149

Loss = 7.8766e-01, PNorm = 65.1856, GNorm = 1.1406, lr_0 = 7.0000e-05
Validation srmse = 0.638254
Epoch 150

Loss = 8.1615e-01, PNorm = 65.1872, GNorm = 1.1424, lr_0 = 7.0000e-05
Validation srmse = 0.640085
Epoch 151

Loss = 8.0343e-01, PNorm = 65.1888, GNorm = 1.4135, lr_0 = 7.0000e-05
Validation srmse = 0.639254
Epoch 152

Loss = 7.1810e-01, PNorm = 65.1903, GNorm = 1.9993, lr_0 = 7.0000e-05
Validation srmse = 0.640190
Epoch 153

Loss = 7.1516e-01, PNorm = 65.1918, GNorm = 1.5400, lr_0 = 7.0000e-05
Validation srmse = 0.640946
Epoch 154

Loss = 8.2939e-01, PNorm = 65.1933, GNorm = 0.8903, lr_0 = 7.0000e-05
Validation srmse = 0.646553
Epoch 155

Loss = 7.2568e-01, PNorm = 65.1947, GNorm = 3.4000, lr_0 = 7.0000e-05
Validation srmse = 0.647033
Epoch 156

Loss = 7.4625e-01, PNorm = 65.1962, GNorm = 0.4974, lr_0 = 7.0000e-05
Validation srmse = 0.647202
Epoch 157

Loss = 8.6180e-01, PNorm = 65.1976, GNorm = 1.1855, lr_0 = 7.0000e-05
Validation srmse = 0.649854
Epoch 158

Loss = 7.8340e-01, PNorm = 65.1991, GNorm = 0.8378, lr_0 = 7.0000e-05
Validation srmse = 0.651200
Epoch 159

Loss = 6.7914e-01, PNorm = 65.2006, GNorm = 0.6135, lr_0 = 7.0000e-05
Validation srmse = 0.648517
Epoch 160

Loss = 7.8291e-01, PNorm = 65.2021, GNorm = 1.4762, lr_0 = 7.0000e-05
Validation srmse = 0.646722
Epoch 161

Loss = 6.9477e-01, PNorm = 65.2036, GNorm = 1.5608, lr_0 = 7.0000e-05
Validation srmse = 0.644798
Epoch 162

Loss = 7.6639e-01, PNorm = 65.2050, GNorm = 0.7971, lr_0 = 7.0000e-05
Validation srmse = 0.645565
Epoch 163

Loss = 6.5784e-01, PNorm = 65.2065, GNorm = 2.3426, lr_0 = 7.0000e-05
Validation srmse = 0.646054
Epoch 164

Loss = 7.4195e-01, PNorm = 65.2080, GNorm = 2.0307, lr_0 = 7.0000e-05
Validation srmse = 0.642751
Epoch 165

Loss = 6.8175e-01, PNorm = 65.2095, GNorm = 1.5818, lr_0 = 7.0000e-05
Validation srmse = 0.644286
Epoch 166

Loss = 7.6321e-01, PNorm = 65.2109, GNorm = 1.6530, lr_0 = 7.0000e-05
Validation srmse = 0.648727
Epoch 167

Loss = 6.5919e-01, PNorm = 65.2124, GNorm = 2.0035, lr_0 = 7.0000e-05
Validation srmse = 0.657470
Epoch 168

Loss = 6.5825e-01, PNorm = 65.2138, GNorm = 1.8964, lr_0 = 7.0000e-05
Validation srmse = 0.659679
Epoch 169

Loss = 7.5168e-01, PNorm = 65.2152, GNorm = 0.9951, lr_0 = 7.0000e-05
Validation srmse = 0.662097
Epoch 170

Loss = 8.8245e-01, PNorm = 65.2165, GNorm = 1.4118, lr_0 = 7.0000e-05
Validation srmse = 0.664053
Epoch 171

Loss = 6.5712e-01, PNorm = 65.2179, GNorm = 1.3267, lr_0 = 7.0000e-05
Validation srmse = 0.661507
Epoch 172

Loss = 6.5457e-01, PNorm = 65.2193, GNorm = 1.7356, lr_0 = 7.0000e-05
Validation srmse = 0.649327
Epoch 173

Loss = 8.2131e-01, PNorm = 65.2208, GNorm = 2.0583, lr_0 = 7.0000e-05
Validation srmse = 0.644914
Epoch 174

Loss = 8.0894e-01, PNorm = 65.2224, GNorm = 0.7776, lr_0 = 7.0000e-05
Validation srmse = 0.639144
Epoch 175

Loss = 6.9093e-01, PNorm = 65.2239, GNorm = 2.5205, lr_0 = 7.0000e-05
Validation srmse = 0.634541
Epoch 176

Loss = 7.7611e-01, PNorm = 65.2255, GNorm = 0.9070, lr_0 = 7.0000e-05
Validation srmse = 0.632445
Epoch 177

Loss = 7.3744e-01, PNorm = 65.2271, GNorm = 0.4681, lr_0 = 7.0000e-05
Validation srmse = 0.630532
Epoch 178

Loss = 7.2432e-01, PNorm = 65.2287, GNorm = 2.9529, lr_0 = 7.0000e-05
Validation srmse = 0.626975
Epoch 179

Loss = 8.0369e-01, PNorm = 65.2304, GNorm = 1.9609, lr_0 = 7.0000e-05
Validation srmse = 0.625046
Epoch 180

Loss = 7.5747e-01, PNorm = 65.2320, GNorm = 0.9072, lr_0 = 7.0000e-05
Validation srmse = 0.627454
Epoch 181

Loss = 7.7998e-01, PNorm = 65.2334, GNorm = 4.0742, lr_0 = 7.0000e-05
Validation srmse = 0.635708
Epoch 182

Loss = 6.1230e-01, PNorm = 65.2349, GNorm = 1.7630, lr_0 = 7.0000e-05
Validation srmse = 0.645919
Epoch 183

Loss = 7.1682e-01, PNorm = 65.2364, GNorm = 0.7984, lr_0 = 7.0000e-05
Validation srmse = 0.654965
Epoch 184

Loss = 6.4617e-01, PNorm = 65.2378, GNorm = 3.6303, lr_0 = 7.0000e-05
Validation srmse = 0.658912
Epoch 185

Loss = 7.2838e-01, PNorm = 65.2393, GNorm = 3.2149, lr_0 = 7.0000e-05
Validation srmse = 0.656460
Epoch 186

Loss = 8.0894e-01, PNorm = 65.2409, GNorm = 1.0146, lr_0 = 7.0000e-05
Validation srmse = 0.650061
Epoch 187

Loss = 7.2904e-01, PNorm = 65.2424, GNorm = 2.0671, lr_0 = 7.0000e-05
Validation srmse = 0.647153
Epoch 188

Loss = 6.8655e-01, PNorm = 65.2439, GNorm = 2.0834, lr_0 = 7.0000e-05
Validation srmse = 0.646452
Epoch 189

Loss = 7.4304e-01, PNorm = 65.2455, GNorm = 1.5501, lr_0 = 7.0000e-05
Validation srmse = 0.647931
Epoch 190

Loss = 6.9270e-01, PNorm = 65.2470, GNorm = 1.5577, lr_0 = 7.0000e-05
Validation srmse = 0.645316
Epoch 191

Loss = 6.4618e-01, PNorm = 65.2486, GNorm = 1.0613, lr_0 = 7.0000e-05
Validation srmse = 0.644566
Epoch 192

Loss = 6.8372e-01, PNorm = 65.2503, GNorm = 2.5538, lr_0 = 7.0000e-05
Validation srmse = 0.640827
Epoch 193

Loss = 8.0812e-01, PNorm = 65.2518, GNorm = 1.7163, lr_0 = 7.0000e-05
Validation srmse = 0.641720
Epoch 194

Loss = 7.7241e-01, PNorm = 65.2535, GNorm = 1.3968, lr_0 = 7.0000e-05
Validation srmse = 0.639296
Epoch 195

Loss = 6.4652e-01, PNorm = 65.2551, GNorm = 1.5050, lr_0 = 7.0000e-05
Validation srmse = 0.638739
Epoch 196

Loss = 8.0933e-01, PNorm = 65.2566, GNorm = 3.4368, lr_0 = 7.0000e-05
Validation srmse = 0.646753
Epoch 197

Loss = 6.9110e-01, PNorm = 65.2582, GNorm = 1.2932, lr_0 = 7.0000e-05
Validation srmse = 0.650936
Epoch 198

Loss = 7.0959e-01, PNorm = 65.2598, GNorm = 2.2051, lr_0 = 7.0000e-05
Validation srmse = 0.652611
Epoch 199

Loss = 8.2936e-01, PNorm = 65.2615, GNorm = 0.8837, lr_0 = 7.0000e-05
Validation srmse = 0.653559
Epoch 200

Loss = 7.6001e-01, PNorm = 65.2632, GNorm = 0.4735, lr_0 = 7.0000e-05
Validation srmse = 0.653834
Epoch 201

Loss = 7.7499e-01, PNorm = 65.2649, GNorm = 0.6111, lr_0 = 7.0000e-05
Validation srmse = 0.653250
Epoch 202

Loss = 7.2881e-01, PNorm = 65.2667, GNorm = 0.7405, lr_0 = 7.0000e-05
Validation srmse = 0.652525
Epoch 203

Loss = 6.5633e-01, PNorm = 65.2685, GNorm = 0.8807, lr_0 = 7.0000e-05
Validation srmse = 0.653041
Epoch 204

Loss = 6.7456e-01, PNorm = 65.2703, GNorm = 1.5516, lr_0 = 7.0000e-05
Validation srmse = 0.653022
Epoch 205

Loss = 7.6248e-01, PNorm = 65.2722, GNorm = 0.8509, lr_0 = 7.0000e-05
Validation srmse = 0.652181
Epoch 206

Loss = 6.5564e-01, PNorm = 65.2741, GNorm = 0.8775, lr_0 = 7.0000e-05
Validation srmse = 0.649488
Epoch 207

Loss = 6.5180e-01, PNorm = 65.2761, GNorm = 0.9448, lr_0 = 7.0000e-05
Validation srmse = 0.645589
Epoch 208

Loss = 7.6740e-01, PNorm = 65.2782, GNorm = 0.9414, lr_0 = 7.0000e-05
Validation srmse = 0.639783
Epoch 209

Loss = 7.0055e-01, PNorm = 65.2802, GNorm = 0.7846, lr_0 = 7.0000e-05
Validation srmse = 0.631670
Epoch 210

Loss = 7.0773e-01, PNorm = 65.2823, GNorm = 1.5209, lr_0 = 7.0000e-05
Validation srmse = 0.623181
Epoch 211

Loss = 6.6789e-01, PNorm = 65.2845, GNorm = 0.7029, lr_0 = 7.0000e-05
Validation srmse = 0.615034
Epoch 212

Loss = 7.0782e-01, PNorm = 65.2867, GNorm = 0.9089, lr_0 = 7.0000e-05
Validation srmse = 0.605779
Epoch 213

Loss = 6.8801e-01, PNorm = 65.2888, GNorm = 1.9398, lr_0 = 7.0000e-05
Validation srmse = 0.602675
Epoch 214

Loss = 7.3248e-01, PNorm = 65.2908, GNorm = 1.8733, lr_0 = 7.0000e-05
Validation srmse = 0.604840
Epoch 215

Loss = 6.9821e-01, PNorm = 65.2927, GNorm = 1.8404, lr_0 = 7.0000e-05
Validation srmse = 0.610527
Epoch 216

Loss = 7.2984e-01, PNorm = 65.2946, GNorm = 1.9024, lr_0 = 7.0000e-05
Validation srmse = 0.620453
Epoch 217

Loss = 6.8275e-01, PNorm = 65.2965, GNorm = 1.7147, lr_0 = 7.0000e-05
Validation srmse = 0.630338
Epoch 218

Loss = 7.1459e-01, PNorm = 65.2985, GNorm = 1.0499, lr_0 = 7.0000e-05
Validation srmse = 0.640086
Epoch 219

Loss = 6.3954e-01, PNorm = 65.3005, GNorm = 1.6546, lr_0 = 7.0000e-05
Validation srmse = 0.648533
Epoch 220

Loss = 6.9334e-01, PNorm = 65.3026, GNorm = 1.2034, lr_0 = 7.0000e-05
Validation srmse = 0.650878
Epoch 221

Loss = 6.9960e-01, PNorm = 65.3047, GNorm = 1.8970, lr_0 = 7.0000e-05
Validation srmse = 0.645976
Epoch 222

Loss = 7.6242e-01, PNorm = 65.3070, GNorm = 0.8843, lr_0 = 7.0000e-05
Validation srmse = 0.636551
Epoch 223

Loss = 6.8583e-01, PNorm = 65.3093, GNorm = 0.9959, lr_0 = 7.0000e-05
Validation srmse = 0.632954
Epoch 224

Loss = 6.6027e-01, PNorm = 65.3116, GNorm = 1.1623, lr_0 = 7.0000e-05
Validation srmse = 0.635629
Epoch 225

Loss = 7.0964e-01, PNorm = 65.3140, GNorm = 1.9732, lr_0 = 7.0000e-05
Validation srmse = 0.636681
Epoch 226

Loss = 6.7862e-01, PNorm = 65.3162, GNorm = 1.4551, lr_0 = 7.0000e-05
Validation srmse = 0.640936
Epoch 227

Loss = 6.1005e-01, PNorm = 65.3186, GNorm = 0.6208, lr_0 = 7.0000e-05
Validation srmse = 0.643216
Epoch 228

Loss = 6.3618e-01, PNorm = 65.3208, GNorm = 2.0170, lr_0 = 7.0000e-05
Validation srmse = 0.647852
Epoch 229

Loss = 7.0109e-01, PNorm = 65.3232, GNorm = 0.7196, lr_0 = 7.0000e-05
Validation srmse = 0.650524
Epoch 230

Loss = 6.5262e-01, PNorm = 65.3254, GNorm = 3.5957, lr_0 = 7.0000e-05
Validation srmse = 0.652270
Epoch 231

Loss = 6.8340e-01, PNorm = 65.3276, GNorm = 2.6223, lr_0 = 7.0000e-05
Validation srmse = 0.653548
Epoch 232

Loss = 5.8453e-01, PNorm = 65.3298, GNorm = 1.0377, lr_0 = 7.0000e-05
Validation srmse = 0.655818
Epoch 233

Loss = 6.1659e-01, PNorm = 65.3321, GNorm = 1.2830, lr_0 = 7.0000e-05
Validation srmse = 0.655688
Epoch 234

Loss = 6.3163e-01, PNorm = 65.3345, GNorm = 0.9088, lr_0 = 7.0000e-05
Validation srmse = 0.655541
Epoch 235

Loss = 5.9786e-01, PNorm = 65.3369, GNorm = 1.2419, lr_0 = 7.0000e-05
Validation srmse = 0.651673
Epoch 236

Loss = 6.7603e-01, PNorm = 65.3393, GNorm = 1.4201, lr_0 = 7.0000e-05
Validation srmse = 0.645236
Epoch 237

Loss = 6.4058e-01, PNorm = 65.3418, GNorm = 2.0296, lr_0 = 7.0000e-05
Validation srmse = 0.636638
Epoch 238

Loss = 6.7175e-01, PNorm = 65.3443, GNorm = 0.7836, lr_0 = 7.0000e-05
Validation srmse = 0.630643
Epoch 239

Loss = 5.6629e-01, PNorm = 65.3469, GNorm = 0.9268, lr_0 = 7.0000e-05
Validation srmse = 0.629931
Epoch 240

Loss = 6.5915e-01, PNorm = 65.3494, GNorm = 3.6737, lr_0 = 7.0000e-05
Validation srmse = 0.622672
Epoch 241

Loss = 6.4931e-01, PNorm = 65.3516, GNorm = 2.9399, lr_0 = 7.0000e-05
Validation srmse = 0.629857
Epoch 242

Loss = 6.2464e-01, PNorm = 65.3537, GNorm = 0.7266, lr_0 = 7.0000e-05
Validation srmse = 0.638663
Epoch 243

Loss = 6.5955e-01, PNorm = 65.3559, GNorm = 1.4385, lr_0 = 7.0000e-05
Validation srmse = 0.648678
Epoch 244

Loss = 6.1435e-01, PNorm = 65.3582, GNorm = 0.9229, lr_0 = 7.0000e-05
Validation srmse = 0.651604
Epoch 245

Loss = 6.4039e-01, PNorm = 65.3605, GNorm = 2.8149, lr_0 = 7.0000e-05
Validation srmse = 0.653557
Epoch 246

Loss = 6.4417e-01, PNorm = 65.3630, GNorm = 2.9272, lr_0 = 7.0000e-05
Validation srmse = 0.645570
Epoch 247

Loss = 6.2113e-01, PNorm = 65.3655, GNorm = 1.5585, lr_0 = 7.0000e-05
Validation srmse = 0.635113
Epoch 248

Loss = 6.8067e-01, PNorm = 65.3678, GNorm = 5.4459, lr_0 = 7.0000e-05
Validation srmse = 0.638052
Epoch 249

Loss = 5.8716e-01, PNorm = 65.3701, GNorm = 0.9745, lr_0 = 7.0000e-05
Validation srmse = 0.637665
Model 0 best validation srmse = 0.561131 on epoch 113
Loading pretrained parameter "encoder.encoder.cached_zero_vector".
Loading pretrained parameter "encoder.encoder.W_i.weight".
Loading pretrained parameter "encoder.encoder.W_h.weight".
Loading pretrained parameter "encoder.encoder.W_o.weight".
Loading pretrained parameter "encoder.encoder.W_o.bias".
Loading pretrained parameter "ffn.1.weight".
Loading pretrained parameter "ffn.1.bias".
Loading pretrained parameter "ffn.4.weight".
Loading pretrained parameter "ffn.4.bias".
Loading pretrained parameter "ffn.7.weight".
Loading pretrained parameter "ffn.7.bias".
Model 0 test srmse = 0.596883
Ensemble test srmse = 0.596883
1-fold cross validation
Seed 0 ==> test srmse = 0.596883
Overall test srmse = 0.596883 +/- 0.000000
